<?xml version="1.0" encoding="UTF-8"?>
<!-- Generated by org.testng.reporters.JUnitXMLReporter -->
<testsuite hostname="Santosh-PC" ignored="0" name="Regression suite 1" tests="2" failures="0" timestamp="2019-09-15T01:16:15 IST" time="30.552" errors="0">
  <testcase name="navigateToPhpTravelLoginPage" time="4.729" classname="TestCases.TC1_phpTravelLoginChrome"/>
  <testcase name="loginToPhpTravelsite" time="10.039" classname="TestCases.TC1_phpTravelLoginChrome"/>
</testsuite> <!-- Regression suite 1 -->
