<?xml version="1.0" encoding="UTF-8"?>
<!-- Generated by org.testng.reporters.JUnitXMLReporter -->
<testsuite hostname="Santosh-PC" ignored="0" name="Regression suite 2" tests="2" failures="0" timestamp="2019-09-15T01:16:29 IST" time="14.096" errors="0">
  <testcase name="navigateToPhpTravelLoginPage" time="2.229" classname="TestCases.TC1_phpTravelLoginChrome"/>
  <testcase name="loginToPhpTravelsite" time="8.028" classname="TestCases.TC1_phpTravelLoginChrome"/>
</testsuite> <!-- Regression suite 2 -->
