<?xml version="1.0" encoding="UTF-8"?>
<testng-results skipped="0" failed="0" ignored="0" total="2" passed="2">
  <reporter-output>
  </reporter-output>
  <suite name="Default Suite" duration-ms="21842" started-at="2019-09-18T22:56:01 IST" finished-at="2019-09-18T22:56:23 IST">
    <groups>
    </groups>
    <test name="SeleniumReports" duration-ms="21842" started-at="2019-09-18T22:56:01 IST" finished-at="2019-09-18T22:56:23 IST">
      <class name="TestCases.TC3_twitLoginChrome">
        <test-method status="PASS" signature="launchBrowser()[pri:0, instance:TestCases.TC3_twitLoginChrome@609640d5]" name="launchBrowser" is-config="true" duration-ms="14824" started-at="2019-09-18T22:56:01 IST" description="--TestNGDescription :-- Launch web browser" finished-at="2019-09-18T22:56:16 IST">
          <reporter-output>
          </reporter-output>
        </test-method> <!-- launchBrowser -->
        <test-method status="PASS" signature="twitterLogin()[pri:1, instance:TestCases.TC3_twitLoginChrome@609640d5]" name="twitterLogin" duration-ms="3731" started-at="2019-09-18T22:56:16 IST" description="--TestNGDescription :-- Log into twitter account" finished-at="2019-09-18T22:56:19 IST">
          <reporter-output>
          </reporter-output>
        </test-method> <!-- twitterLogin -->
        <test-method status="PASS" signature="navigateToProfile()[pri:2, instance:TestCases.TC3_twitLoginChrome@609640d5]" name="navigateToProfile" duration-ms="2146" started-at="2019-09-18T22:56:20 IST" description="--TestNGDescription :-- Navigate to twitter profile page" finished-at="2019-09-18T22:56:22 IST">
          <reporter-output>
          </reporter-output>
        </test-method> <!-- navigateToProfile -->
        <test-method status="PASS" signature="tearDown()[pri:0, instance:TestCases.TC3_twitLoginChrome@609640d5]" name="tearDown" is-config="true" duration-ms="490" started-at="2019-09-18T22:56:22 IST" finished-at="2019-09-18T22:56:23 IST">
          <reporter-output>
          </reporter-output>
        </test-method> <!-- tearDown -->
      </class> <!-- TestCases.TC3_twitLoginChrome -->
    </test> <!-- SeleniumReports -->
  </suite> <!-- Default Suite -->
</testng-results>
