<?xml version="1.0" encoding="UTF-8"?>
<testng-results skipped="0" failed="1" ignored="0" total="4" passed="3">
  <reporter-output>
  </reporter-output>
  <suite name="TestingSuite" duration-ms="43139" started-at="2019-09-29T22:35:40 IST" finished-at="2019-09-29T22:36:23 IST">
    <groups>
    </groups>
    <test name="TC#1" duration-ms="19892" started-at="2019-09-29T22:35:40 IST" finished-at="2019-09-29T22:36:00 IST">
      <class name="TestCases.TC3_twitLoginChrome">
        <test-method status="PASS" signature="launchBrowser_Chrome()[pri:0, instance:TestCases.TC3_twitLoginChrome@581d969c]" name="launchBrowser_Chrome" is-config="true" duration-ms="8457" started-at="2019-09-29T22:35:40 IST" finished-at="2019-09-29T22:35:49 IST">
          <reporter-output>
          </reporter-output>
        </test-method> <!-- launchBrowser_Chrome -->
        <test-method status="PASS" signature="twitterLogin_Chrome()[pri:1, instance:TestCases.TC3_twitLoginChrome@581d969c]" name="twitterLogin_Chrome" duration-ms="5434" started-at="2019-09-29T22:35:49 IST" description="--TestNGDescription :-- Log into twitter account" finished-at="2019-09-29T22:35:54 IST">
          <reporter-output>
          </reporter-output>
        </test-method> <!-- twitterLogin_Chrome -->
        <test-method status="PASS" signature="navigateToProfile_Chrome()[pri:2, instance:TestCases.TC3_twitLoginChrome@581d969c]" name="navigateToProfile_Chrome" duration-ms="807" started-at="2019-09-29T22:35:56 IST" description="--TestNGDescription :-- Navigate to twitter profile page" finished-at="2019-09-29T22:35:57 IST">
          <reporter-output>
          </reporter-output>
        </test-method> <!-- navigateToProfile_Chrome -->
        <test-method status="PASS" signature="tearDown_Chrome()[pri:0, instance:TestCases.TC3_twitLoginChrome@581d969c]" name="tearDown_Chrome" is-config="true" duration-ms="2391" started-at="2019-09-29T22:35:58 IST" finished-at="2019-09-29T22:36:00 IST">
          <reporter-output>
          </reporter-output>
        </test-method> <!-- tearDown_Chrome -->
      </class> <!-- TestCases.TC3_twitLoginChrome -->
    </test> <!-- TC#1 -->
    <test name="TC#2" duration-ms="22169" started-at="2019-09-29T22:36:01 IST" finished-at="2019-09-29T22:36:23 IST">
      <class name="TestCases.TC3_twitLoginChromeNegative">
        <test-method status="PASS" signature="launchBrowser_Chrome()[pri:0, instance:TestCases.TC3_twitLoginChromeNegative@4d0402b]" name="launchBrowser_Chrome" is-config="true" duration-ms="6065" started-at="2019-09-29T22:36:01 IST" finished-at="2019-09-29T22:36:07 IST">
          <reporter-output>
          </reporter-output>
        </test-method> <!-- launchBrowser_Chrome -->
        <test-method status="PASS" signature="twitterLogin_Chrome()[pri:1, instance:TestCases.TC3_twitLoginChromeNegative@4d0402b]" name="twitterLogin_Chrome" duration-ms="7898" started-at="2019-09-29T22:36:07 IST" description="--TestNGDescription :-- Log into twitter account" finished-at="2019-09-29T22:36:15 IST">
          <reporter-output>
          </reporter-output>
        </test-method> <!-- twitterLogin_Chrome -->
        <test-method status="FAIL" signature="navigateToProfile_Chrome()[pri:2, instance:TestCases.TC3_twitLoginChromeNegative@4d0402b]" name="navigateToProfile_Chrome" duration-ms="5049" started-at="2019-09-29T22:36:15 IST" description="--TestNGDescription :-- Navigate to twitter profile page" finished-at="2019-09-29T22:36:20 IST">
          <exception class="org.openqa.selenium.NoSuchElementException">
            <message>
              <![CDATA[no such element: Unable to locate element: {"method":"xpath","selector":"//*[@id='react-root']//div/span[contains(text(),'Profile')]"}
  (Session info: chrome=77.0.3865.90)
For documentation on this error, please visit: https://www.seleniumhq.org/exceptions/no_such_element.html
Build info: version: '3.141.59', revision: 'e82be7d358', time: '2018-11-14T08:17:03'
System info: host: 'SANTOSH-PC', ip: '192.168.0.8', os.name: 'Windows 8.1', os.arch: 'amd64', os.version: '6.3', java.version: '1.8.0_191'
Driver info: org.openqa.selenium.chrome.ChromeDriver
Capabilities {acceptInsecureCerts: false, browserName: chrome, browserVersion: 77.0.3865.90, chrome: {chromedriverVersion: 76.0.3809.126 (d80a294506b4..., userDataDir: C:\Users\Santosh\AppData\Lo...}, goog:chromeOptions: {debuggerAddress: localhost:2085}, javascriptEnabled: true, networkConnectionEnabled: false, pageLoadStrategy: normal, platform: XP, platformName: XP, proxy: Proxy(), setWindowRect: true, strictFileInteractability: false, timeouts: {implicit: 0, pageLoad: 300000, script: 30000}, unhandledPromptBehavior: dismiss and notify}
Session ID: 6b9ddc51aafe07e4ab481d646a501fac
*** Element info: {Using=xpath, value=//*[@id='react-root']//div/span[contains(text(),'Profile')]}]]>
            </message>
            <full-stacktrace>
              <![CDATA[org.openqa.selenium.NoSuchElementException: no such element: Unable to locate element: {"method":"xpath","selector":"//*[@id='react-root']//div/span[contains(text(),'Profile')]"}
  (Session info: chrome=77.0.3865.90)
For documentation on this error, please visit: https://www.seleniumhq.org/exceptions/no_such_element.html
Build info: version: '3.141.59', revision: 'e82be7d358', time: '2018-11-14T08:17:03'
System info: host: 'SANTOSH-PC', ip: '192.168.0.8', os.name: 'Windows 8.1', os.arch: 'amd64', os.version: '6.3', java.version: '1.8.0_191'
Driver info: org.openqa.selenium.chrome.ChromeDriver
Capabilities {acceptInsecureCerts: false, browserName: chrome, browserVersion: 77.0.3865.90, chrome: {chromedriverVersion: 76.0.3809.126 (d80a294506b4..., userDataDir: C:\Users\Santosh\AppData\Lo...}, goog:chromeOptions: {debuggerAddress: localhost:2085}, javascriptEnabled: true, networkConnectionEnabled: false, pageLoadStrategy: normal, platform: XP, platformName: XP, proxy: Proxy(), setWindowRect: true, strictFileInteractability: false, timeouts: {implicit: 0, pageLoad: 300000, script: 30000}, unhandledPromptBehavior: dismiss and notify}
Session ID: 6b9ddc51aafe07e4ab481d646a501fac
*** Element info: {Using=xpath, value=//*[@id='react-root']//div/span[contains(text(),'Profile')]}
at sun.reflect.NativeConstructorAccessorImpl.newInstance0(Native Method)
at sun.reflect.NativeConstructorAccessorImpl.newInstance(NativeConstructorAccessorImpl.java:62)
at sun.reflect.DelegatingConstructorAccessorImpl.newInstance(DelegatingConstructorAccessorImpl.java:45)
at java.lang.reflect.Constructor.newInstance(Constructor.java:423)
at org.openqa.selenium.remote.http.W3CHttpResponseCodec.createException(W3CHttpResponseCodec.java:187)
at org.openqa.selenium.remote.http.W3CHttpResponseCodec.decode(W3CHttpResponseCodec.java:122)
at org.openqa.selenium.remote.http.W3CHttpResponseCodec.decode(W3CHttpResponseCodec.java:49)
at org.openqa.selenium.remote.HttpCommandExecutor.execute(HttpCommandExecutor.java:158)
at org.openqa.selenium.remote.service.DriverCommandExecutor.execute(DriverCommandExecutor.java:83)
at org.openqa.selenium.remote.RemoteWebDriver.execute(RemoteWebDriver.java:552)
at org.openqa.selenium.remote.RemoteWebDriver.findElement(RemoteWebDriver.java:323)
at org.openqa.selenium.remote.RemoteWebDriver.findElementByXPath(RemoteWebDriver.java:428)
at org.openqa.selenium.By$ByXPath.findElement(By.java:353)
at org.openqa.selenium.remote.RemoteWebDriver.findElement(RemoteWebDriver.java:315)
at org.openqa.selenium.support.pagefactory.DefaultElementLocator.findElement(DefaultElementLocator.java:69)
at org.openqa.selenium.support.pagefactory.internal.LocatingElementHandler.invoke(LocatingElementHandler.java:38)
at com.sun.proxy.$Proxy9.getWrappedElement(Unknown Source)
at org.openqa.selenium.remote.internal.WebElementToJsonConverter.apply(WebElementToJsonConverter.java:50)
at java.util.stream.ReferencePipeline$3$1.accept(ReferencePipeline.java:193)
at java.util.Spliterators$ArraySpliterator.forEachRemaining(Spliterators.java:948)
at java.util.stream.AbstractPipeline.copyInto(AbstractPipeline.java:481)
at java.util.stream.AbstractPipeline.wrapAndCopyInto(AbstractPipeline.java:471)
at java.util.stream.ReduceOps$ReduceOp.evaluateSequential(ReduceOps.java:708)
at java.util.stream.AbstractPipeline.evaluate(AbstractPipeline.java:234)
at java.util.stream.ReferencePipeline.collect(ReferencePipeline.java:499)
at org.openqa.selenium.remote.RemoteWebDriver.executeScript(RemoteWebDriver.java:484)
at Utils.TestUtil.highLightElement(TestUtil.java:30)
at Pages.twitLoginPage.navigateToProfile(twitLoginPage.java:75)
at TestCases.TC3_twitLoginChromeNegative.navigateToProfile_Chrome(TC3_twitLoginChromeNegative.java:45)
at sun.reflect.NativeMethodAccessorImpl.invoke0(Native Method)
at sun.reflect.NativeMethodAccessorImpl.invoke(NativeMethodAccessorImpl.java:62)
at sun.reflect.DelegatingMethodAccessorImpl.invoke(DelegatingMethodAccessorImpl.java:43)
at java.lang.reflect.Method.invoke(Method.java:498)
at org.testng.internal.MethodInvocationHelper.invokeMethod(MethodInvocationHelper.java:133)
at org.testng.internal.TestInvoker.invokeMethod(TestInvoker.java:584)
at org.testng.internal.TestInvoker.invokeTestMethod(TestInvoker.java:172)
at org.testng.internal.MethodRunner.runInSequence(MethodRunner.java:46)
at org.testng.internal.TestInvoker$MethodInvocationAgent.invoke(TestInvoker.java:804)
at org.testng.internal.TestInvoker.invokeTestMethods(TestInvoker.java:145)
at org.testng.internal.TestMethodWorker.invokeTestMethods(TestMethodWorker.java:146)
at org.testng.internal.TestMethodWorker.run(TestMethodWorker.java:128)
at java.util.ArrayList.forEach(ArrayList.java:1257)
at org.testng.TestRunner.privateRun(TestRunner.java:770)
at org.testng.TestRunner.run(TestRunner.java:591)
at org.testng.SuiteRunner.runTest(SuiteRunner.java:402)
at org.testng.SuiteRunner.runSequentially(SuiteRunner.java:396)
at org.testng.SuiteRunner.privateRun(SuiteRunner.java:355)
at org.testng.SuiteRunner.run(SuiteRunner.java:304)
at org.testng.SuiteRunnerWorker.runSuite(SuiteRunnerWorker.java:53)
at org.testng.SuiteRunnerWorker.run(SuiteRunnerWorker.java:96)
at org.testng.TestNG.runSuitesSequentially(TestNG.java:1180)
at org.testng.TestNG.runSuitesLocally(TestNG.java:1102)
at org.testng.TestNG.runSuites(TestNG.java:1032)
at org.testng.TestNG.run(TestNG.java:1000)
at org.testng.IDEARemoteTestNG.run(IDEARemoteTestNG.java:73)
at org.testng.RemoteTestNGStarter.main(RemoteTestNGStarter.java:123)
]]>
            </full-stacktrace>
          </exception> <!-- org.openqa.selenium.NoSuchElementException -->
          <reporter-output>
          </reporter-output>
        </test-method> <!-- navigateToProfile_Chrome -->
        <test-method status="PASS" signature="tearDown_Chrome()[pri:0, instance:TestCases.TC3_twitLoginChromeNegative@4d0402b]" name="tearDown_Chrome" is-config="true" duration-ms="2396" started-at="2019-09-29T22:36:21 IST" finished-at="2019-09-29T22:36:23 IST">
          <reporter-output>
          </reporter-output>
        </test-method> <!-- tearDown_Chrome -->
        <test-method status="PASS" signature="tearDown()[pri:0, instance:TestCases.TC3_twitLoginChromeNegative@4d0402b]" name="tearDown" is-config="true" duration-ms="531" started-at="2019-09-29T22:36:24 IST" finished-at="2019-09-29T22:36:24 IST">
          <reporter-output>
          </reporter-output>
        </test-method> <!-- tearDown -->
      </class> <!-- TestCases.TC3_twitLoginChromeNegative -->
    </test> <!-- TC#2 -->
  </suite> <!-- TestingSuite -->
</testng-results>
